<<<<<<< HEAD
This is pdfTeX, Version 3.14159265-2.6-1.40.20 (MiKTeX 2.9.7250 64-bit) (preloaded format=pdflatex 2020.3.7)  11 MAR 2020 00:01
=======
This is pdfTeX, Version 3.14159265-2.6-1.40.20 (MiKTeX 2.9.7250 64-bit) (preloaded format=pdflatex 2020.1.27)  7 MAR 2020 18:50
>>>>>>> 765fd33b98f21ec8430fbed4d2dc6193b9e1e9e7
entering extended mode
**c:/Users/Kevin/Documents/Opencv-FaceRecoginition/Studienarbeit/Praxisarbeit-template.tex
(c:/Users/Kevin/Documents/Opencv-FaceRecoginition/Studienarbeit/Praxisarbeit-template.tex
LaTeX2e <2019-10-01> patch level 3
<<<<<<< HEAD
("C:\Program Files\MiKTeX 2.9\tex/latex/koma-script\scrbook.cls"
Document Class: scrbook 2019/12/23 v3.28 KOMA-Script document class (book)
("C:\Program Files\MiKTeX 2.9\tex/latex/koma-script\scrkbase.sty"
Package: scrkbase 2019/12/23 v3.28 KOMA-Script package (KOMA-Script-dependent basics and keyval usage)
 ("C:\Program Files\MiKTeX 2.9\tex/latex/koma-script\scrbase.sty"
Package: scrbase 2019/12/23 v3.28 KOMA-Script package (KOMA-Script-independent basics and keyval usage)
 ("C:\Program Files\MiKTeX 2.9\tex/latex/graphics\keyval.sty"
Package: keyval 2014/10/28 v1.15 key=value parser (DPC)
\KV@toks@=\toks14
) ("C:\Program Files\MiKTeX 2.9\tex/latex/koma-script\scrlfile.sty"
Package: scrlfile 2019/12/23 v3.28 KOMA-Script package (loading files)
))) ("C:\Program Files\MiKTeX 2.9\tex/latex/koma-script\tocbasic.sty"
=======

("C:\Users\Fabian\AppData\Local\Programs\MiKTeX 2.9\tex/latex/koma-script\scrbo
ok.cls"
Document Class: scrbook 2019/12/23 v3.28 KOMA-Script document class (book)

("C:\Users\Fabian\AppData\Local\Programs\MiKTeX 2.9\tex/latex/koma-script\scrkb
ase.sty"
Package: scrkbase 2019/12/23 v3.28 KOMA-Script package (KOMA-Script-dependent b
asics and keyval usage)

("C:\Users\Fabian\AppData\Local\Programs\MiKTeX 2.9\tex/latex/koma-script\scrba
se.sty"
Package: scrbase 2019/12/23 v3.28 KOMA-Script package (KOMA-Script-independent 
basics and keyval usage)

("C:\Users\Fabian\AppData\Local\Programs\MiKTeX 2.9\tex/latex/graphics\keyval.s
ty"
Package: keyval 2014/10/28 v1.15 key=value parser (DPC)
\KV@toks@=\toks14
)
("C:\Users\Fabian\AppData\Local\Programs\MiKTeX 2.9\tex/latex/koma-script\scrlf
ile.sty"
Package: scrlfile 2019/12/23 v3.28 KOMA-Script package (loading files)
)))
("C:\Users\Fabian\AppData\Local\Programs\MiKTeX 2.9\tex/latex/koma-script\tocba
sic.sty"
>>>>>>> 765fd33b98f21ec8430fbed4d2dc6193b9e1e9e7
Package: tocbasic 2019/12/23 v3.28 KOMA-Script package (handling toc-files)
\scr@dte@tocline@numberwidth=\skip41
\scr@dte@tocline@numbox=\box27
)
Package tocbasic Info: omitting babel extension for `toc'
(tocbasic)             because of feature `nobabel' available
(tocbasic)             for `toc' on input line 137.
Package scrbook Info: You've used standard option `12pt'.
(scrbook)             This is correct!
(scrbook)             Internally I'm using `fontsize=12pt'.
(scrbook)             If you'd like to set the option with \KOMAoptions,
(scrbook)             you'd have to use `fontsize=12pt' there
(scrbook)             instead of `12pt', too.
<<<<<<< HEAD
Class scrbook Info: File `scrsize12pt.clo' used to setup font sizes on input line 2423.
 ("C:\Program Files\MiKTeX 2.9\tex/latex/koma-script\scrsize12pt.clo"
File: scrsize12pt.clo 2019/12/23 v3.28 KOMA-Script font size class option (12pt)
) ("C:\Program Files\MiKTeX 2.9\tex/latex/koma-script\typearea.sty"
=======
Class scrbook Info: File `scrsize12pt.clo' used to setup font sizes on input li
ne 2423.

("C:\Users\Fabian\AppData\Local\Programs\MiKTeX 2.9\tex/latex/koma-script\scrsi
ze12pt.clo"
File: scrsize12pt.clo 2019/12/23 v3.28 KOMA-Script font size class option (12pt
)
)
("C:\Users\Fabian\AppData\Local\Programs\MiKTeX 2.9\tex/latex/koma-script\typea
rea.sty"
>>>>>>> 765fd33b98f21ec8430fbed4d2dc6193b9e1e9e7
Package: typearea 2019/12/23 v3.28 KOMA-Script package (type area)
\ta@bcor=\skip42
\ta@div=\count80
Package typearea Info: You've used standard option `a4paper'.
(typearea)             This is correct!
(typearea)             Internally I'm using `paper=a4'.
(typearea)             If you'd like to set the option with \KOMAoptions,
(typearea)             you'd have to use `paper=a4' there
(typearea)             instead of `a4paper', too.
\ta@hblk=\skip43
\ta@vblk=\skip44
\ta@temp=\skip45
\footheight=\skip46
Package typearea Info: These are the values describing the layout:
(typearea)             DIV  = 12
(typearea)             BCOR = 0.0pt
(typearea)             \paperwidth      = 597.50793pt
(typearea)              \textwidth      = 448.13095pt
(typearea)              DIV departure   = -6%
(typearea)              \evensidemargin = 27.31467pt
(typearea)              \oddsidemargin  = -22.47766pt
(typearea)             \paperheight     = 845.04694pt
(typearea)              \textheight     = 635.5pt
(typearea)              \topmargin      = -41.72441pt
(typearea)              \headheight     = 18.125pt
(typearea)              \headsep        = 21.75pt
(typearea)              \topskip        = 12.0pt
(typearea)              \footskip       = 50.75pt
(typearea)              \baselineskip   = 14.5pt
(typearea)              on input line 1718.
)
\c@part=\count81
\c@chapter=\count82
\c@section=\count83
\c@subsection=\count84
\c@subsubsection=\count85
\c@paragraph=\count86
\c@subparagraph=\count87
\scr@dte@chapter@maxnumwidth=\skip47
Class scrbook Info: using compatibility default `afterindent=bysign'
(scrbook)           for `\chapter on input line 5544.
\scr@dte@section@maxnumwidth=\skip48
Class scrbook Info: using compatibility default `runin=bysign'
(scrbook)           for `\section on input line 5554.
Class scrbook Info: using compatibility default `afterindent=bysign'
(scrbook)           for `\section on input line 5554.
\scr@dte@part@maxnumwidth=\skip49
Class scrbook Info: using compatibility default `afterindent=true'
(scrbook)           for `\part on input line 5563.
\scr@dte@subsection@maxnumwidth=\skip50
Class scrbook Info: using compatibility default `runin=bysign'
(scrbook)           for `\subsection on input line 5573.
Class scrbook Info: using compatibility default `afterindent=bysign'
(scrbook)           for `\subsection on input line 5573.
\scr@dte@subsubsection@maxnumwidth=\skip51
Class scrbook Info: using compatibility default `runin=bysign'
(scrbook)           for `\subsubsection on input line 5583.
Class scrbook Info: using compatibility default `afterindent=bysign'
(scrbook)           for `\subsubsection on input line 5583.
\scr@dte@paragraph@maxnumwidth=\skip52
Class scrbook Info: using compatibility default `runin=bysign'
(scrbook)           for `\paragraph on input line 5593.
Class scrbook Info: using compatibility default `afterindent=bysign'
(scrbook)           for `\paragraph on input line 5593.
\scr@dte@subparagraph@maxnumwidth=\skip53
Class scrbook Info: using compatibility default `runin=bysign'
(scrbook)           for `\subparagraph on input line 5603.
Class scrbook Info: using compatibility default `afterindent=bysign'
(scrbook)           for `\subparagraph on input line 5603.
\abovecaptionskip=\skip54
\belowcaptionskip=\skip55
\c@pti@nb@sid@b@x=\box28
Package tocbasic Info: omitting babel extension for `lof'
(tocbasic)             because of feature `nobabel' available
(tocbasic)             for `lof' on input line 6845.
\scr@dte@figure@maxnumwidth=\skip56
\c@figure=\count88
Package tocbasic Info: omitting babel extension for `lot'
(tocbasic)             because of feature `nobabel' available
(tocbasic)             for `lot' on input line 6866.
\scr@dte@table@maxnumwidth=\skip57
\c@table=\count89
Class scrbook Info: Redefining `\numberline' on input line 7039.
\bibindent=\dimen102
<<<<<<< HEAD
) ("C:\Program Files\MiKTeX 2.9\tex/latex/base\inputenc.sty"
Package: inputenc 2018/08/11 v1.3c Input encoding file
\inpenc@prehook=\toks15
\inpenc@posthook=\toks16
) ("C:\Program Files\MiKTeX 2.9\tex/latex/csquotes\csquotes.sty"
Package: csquotes 2019-12-06 v5.2j context-sensitive quotations (JAW)
 ("C:\Program Files\MiKTeX 2.9\tex/latex/etoolbox\etoolbox.sty"
=======
)
("C:\Users\Fabian\AppData\Local\Programs\MiKTeX 2.9\tex/latex/base\inputenc.sty
"
Package: inputenc 2018/08/11 v1.3c Input encoding file
\inpenc@prehook=\toks15
\inpenc@posthook=\toks16
)
("C:\Users\Fabian\AppData\Local\Programs\MiKTeX 2.9\tex/latex/csquotes\csquotes
.sty"
Package: csquotes 2019-12-06 v5.2j context-sensitive quotations (JAW)

("C:\Users\Fabian\AppData\Local\Programs\MiKTeX 2.9\tex/latex/etoolbox\etoolbox
.sty"
>>>>>>> 765fd33b98f21ec8430fbed4d2dc6193b9e1e9e7
Package: etoolbox 2019/09/21 v2.5h e-TeX tools for LaTeX (JAW)
\etb@tempcnta=\count90
)
\csq@reset=\count91
\csq@gtype=\count92
\csq@glevel=\count93
\csq@qlevel=\count94
\csq@maxlvl=\count95
\csq@tshold=\count96
\csq@ltx@everypar=\toks17
<<<<<<< HEAD
 ("C:\Program Files\MiKTeX 2.9\tex/latex/csquotes\csquotes.def"
=======

("C:\Users\Fabian\AppData\Local\Programs\MiKTeX 2.9\tex/latex/csquotes\csquotes
.def"
>>>>>>> 765fd33b98f21ec8430fbed4d2dc6193b9e1e9e7
File: csquotes.def 2019-12-06 v5.2j csquotes generic definitions (JAW)
)
Package csquotes Info: Trying to load configuration file 'csquotes.cfg'...
Package csquotes Info: ... configuration file loaded successfully.
<<<<<<< HEAD
 ("C:\Program Files\MiKTeX 2.9\tex/latex/csquotes\csquotes.cfg"
File: csquotes.cfg 
)) ("C:\Program Files\MiKTeX 2.9\tex/generic/babel\babel.sty"
Package: babel 2019/11/14 3.36 The Babel package
 ("C:\Program Files\MiKTeX 2.9\tex/generic/babel\switch.def"
=======

("C:\Users\Fabian\AppData\Local\Programs\MiKTeX 2.9\tex/latex/csquotes\csquotes
.cfg"
File: csquotes.cfg 
))
("C:\Users\Fabian\AppData\Local\Programs\MiKTeX 2.9\tex/generic/babel\babel.sty
"
Package: babel 2019/11/14 3.36 The Babel package

("C:\Users\Fabian\AppData\Local\Programs\MiKTeX 2.9\tex/generic/babel\switch.de
f"
>>>>>>> 765fd33b98f21ec8430fbed4d2dc6193b9e1e9e7
File: switch.def 2019/11/14 3.36 Babel switching mechanism
)
*************************************
* Local config file bblopts.cfg used
*
<<<<<<< HEAD
("C:\Program Files\MiKTeX 2.9\tex/latex/arabi\bblopts.cfg"
File: bblopts.cfg 2005/09/08 v0.1 add Arabic and Farsi to "declared" options of babel
) ("C:\Program Files\MiKTeX 2.9\tex/latex/babel-german\german.ldf"
Language: german 2018/12/08 v2.11 German support for babel (pre-1996 orthography)
 ("C:\Program Files\MiKTeX 2.9\tex/latex/babel-german\germanb.ldf"
Language: germanb 2018/12/08 v2.11 German support for babel (pre-1996 orthography)
 ("C:\Program Files\MiKTeX 2.9\tex/generic/babel\babel.def"
File: babel.def 2019/11/14 3.36 Babel common definitions
\babel@savecnt=\count97
\U@D=\dimen103
 ("C:\Program Files\MiKTeX 2.9\tex/generic/babel\txtbabel.def")
\bbl@dirlevel=\count98
)
Package babel Info: Making " an active character on input line 135.
))) ("C:\Program Files\MiKTeX 2.9\tex/latex/hyperref\hyperref.sty"
Package: hyperref 2019/11/10 v7.00c Hypertext links for LaTeX
 ("C:\Program Files\MiKTeX 2.9\tex/generic/oberdiek\ltxcmds.sty"
Package: ltxcmds 2016/05/16 v1.23 LaTeX kernel commands for general use (HO)
) ("C:\Program Files\MiKTeX 2.9\tex/generic/iftex\iftex.sty"
Package: iftex 2019/11/07 v1.0c TeX engine tests
) ("C:\Program Files\MiKTeX 2.9\tex/latex/pdftexcmds\pdftexcmds.sty"
Package: pdftexcmds 2019/11/24 v0.31 Utility functions of pdfTeX for LuaTeX (HO)
 ("C:\Program Files\MiKTeX 2.9\tex/generic/oberdiek\infwarerr.sty"
=======
("C:\Users\Fabian\AppData\Local\Programs\MiKTeX 2.9\tex/latex/arabi\bblopts.cfg
"
File: bblopts.cfg 2005/09/08 v0.1 add Arabic and Farsi to "declared" options of
 babel
)
("C:\Users\Fabian\AppData\Local\Programs\MiKTeX 2.9\tex/latex/babel-german\germ
an.ldf"
Language: german 2018/12/08 v2.11 German support for babel (pre-1996 orthograph
y)

("C:\Users\Fabian\AppData\Local\Programs\MiKTeX 2.9\tex/latex/babel-german\germ
anb.ldf"
Language: germanb 2018/12/08 v2.11 German support for babel (pre-1996 orthograp
hy)

("C:\Users\Fabian\AppData\Local\Programs\MiKTeX 2.9\tex/generic/babel\babel.def
"
File: babel.def 2019/11/14 3.36 Babel common definitions
\babel@savecnt=\count97
\U@D=\dimen103

("C:\Users\Fabian\AppData\Local\Programs\MiKTeX 2.9\tex/generic/babel\txtbabel.
def")
\bbl@dirlevel=\count98
)
Package babel Info: Making " an active character on input line 135.
)))
("C:\Users\Fabian\AppData\Local\Programs\MiKTeX 2.9\tex/latex/hyperref\hyperref
.sty"
Package: hyperref 2019/11/10 v7.00c Hypertext links for LaTeX

("C:\Users\Fabian\AppData\Local\Programs\MiKTeX 2.9\tex/generic/oberdiek\ltxcmd
s.sty"
Package: ltxcmds 2016/05/16 v1.23 LaTeX kernel commands for general use (HO)
)
("C:\Users\Fabian\AppData\Local\Programs\MiKTeX 2.9\tex/generic/iftex\iftex.sty
"
Package: iftex 2019/11/07 v1.0c TeX engine tests
)
("C:\Users\Fabian\AppData\Local\Programs\MiKTeX 2.9\tex/latex/pdftexcmds\pdftex
cmds.sty"
Package: pdftexcmds 2019/11/24 v0.31 Utility functions of pdfTeX for LuaTeX (HO
)

("C:\Users\Fabian\AppData\Local\Programs\MiKTeX 2.9\tex/generic/oberdiek\infwar
err.sty"
>>>>>>> 765fd33b98f21ec8430fbed4d2dc6193b9e1e9e7
Package: infwarerr 2016/05/16 v1.4 Providing info/warning/error messages (HO)
)
Package pdftexcmds Info: \pdf@primitive is available.
Package pdftexcmds Info: \pdf@ifprimitive is available.
Package pdftexcmds Info: \pdfdraftmode found.
<<<<<<< HEAD
) ("C:\Program Files\MiKTeX 2.9\tex/generic/oberdiek\kvsetkeys.sty"
Package: kvsetkeys 2016/05/16 v1.17 Key value parser (HO)
 ("C:\Program Files\MiKTeX 2.9\tex/generic/oberdiek\etexcmds.sty"
Package: etexcmds 2016/05/16 v1.6 Avoid name clashes with e-TeX commands (HO)
 ("C:\Program Files\MiKTeX 2.9\tex/generic/iftex\ifluatex.sty"
Package: ifluatex 2019/10/25 v1.5 ifluatex legacy package. Use iftex instead.
))) ("C:\Program Files\MiKTeX 2.9\tex/generic/oberdiek\kvdefinekeys.sty"
Package: kvdefinekeys 2016/05/16 v1.4 Define keys (HO)
) ("C:\Program Files\MiKTeX 2.9\tex/generic/oberdiek\pdfescape.sty"
Package: pdfescape 2016/05/16 v1.14 Implements pdfTeX's escape features (HO)
) ("C:\Program Files\MiKTeX 2.9\tex/latex/oberdiek\hycolor.sty"
Package: hycolor 2016/05/16 v1.8 Color options for hyperref/bookmark (HO)
 ("C:\Program Files\MiKTeX 2.9\tex/latex/oberdiek\xcolor-patch.sty"
Package: xcolor-patch 2016/05/16 xcolor patch
 ("C:\Program Files\MiKTeX 2.9\tex/latex/oberdiek\hopatch.sty"
Package: hopatch 2016/05/16 v1.3 Wrapper for package hooks (HO)
))) ("C:\Program Files\MiKTeX 2.9\tex/latex/oberdiek\letltxmacro.sty"
Package: letltxmacro 2016/05/16 v1.5 Let assignment for LaTeX macros (HO)
) ("C:\Program Files\MiKTeX 2.9\tex/latex/oberdiek\auxhook.sty"
Package: auxhook 2016/05/16 v1.4 Hooks for auxiliary files (HO)
) ("C:\Program Files\MiKTeX 2.9\tex/latex/oberdiek\kvoptions.sty"
=======
)
("C:\Users\Fabian\AppData\Local\Programs\MiKTeX 2.9\tex/generic/oberdiek\kvsetk
eys.sty"
Package: kvsetkeys 2016/05/16 v1.17 Key value parser (HO)

("C:\Users\Fabian\AppData\Local\Programs\MiKTeX 2.9\tex/generic/oberdiek\etexcm
ds.sty"
Package: etexcmds 2016/05/16 v1.6 Avoid name clashes with e-TeX commands (HO)

("C:\Users\Fabian\AppData\Local\Programs\MiKTeX 2.9\tex/generic/iftex\ifluatex.
sty"
Package: ifluatex 2019/10/25 v1.5 ifluatex legacy package. Use iftex instead.
)))
("C:\Users\Fabian\AppData\Local\Programs\MiKTeX 2.9\tex/generic/oberdiek\kvdefi
nekeys.sty"
Package: kvdefinekeys 2016/05/16 v1.4 Define keys (HO)
)
("C:\Users\Fabian\AppData\Local\Programs\MiKTeX 2.9\tex/generic/oberdiek\pdfesc
ape.sty"
Package: pdfescape 2016/05/16 v1.14 Implements pdfTeX's escape features (HO)
)
("C:\Users\Fabian\AppData\Local\Programs\MiKTeX 2.9\tex/latex/oberdiek\hycolor.
sty"
Package: hycolor 2016/05/16 v1.8 Color options for hyperref/bookmark (HO)

("C:\Users\Fabian\AppData\Local\Programs\MiKTeX 2.9\tex/latex/oberdiek\xcolor-p
atch.sty"
Package: xcolor-patch 2016/05/16 xcolor patch

("C:\Users\Fabian\AppData\Local\Programs\MiKTeX 2.9\tex/latex/oberdiek\hopatch.
sty"
Package: hopatch 2016/05/16 v1.3 Wrapper for package hooks (HO)
)))
("C:\Users\Fabian\AppData\Local\Programs\MiKTeX 2.9\tex/latex/oberdiek\letltxma
cro.sty"
Package: letltxmacro 2016/05/16 v1.5 Let assignment for LaTeX macros (HO)
)
("C:\Users\Fabian\AppData\Local\Programs\MiKTeX 2.9\tex/latex/oberdiek\auxhook.
sty"
Package: auxhook 2016/05/16 v1.4 Hooks for auxiliary files (HO)
)
("C:\Users\Fabian\AppData\Local\Programs\MiKTeX 2.9\tex/latex/oberdiek\kvoption
s.sty"
>>>>>>> 765fd33b98f21ec8430fbed4d2dc6193b9e1e9e7
Package: kvoptions 2016/05/16 v3.12 Key value format for package options (HO)
)
\@linkdim=\dimen104
\Hy@linkcounter=\count99
\Hy@pagecounter=\count100
<<<<<<< HEAD
 ("C:\Program Files\MiKTeX 2.9\tex/latex/hyperref\pd1enc.def"
File: pd1enc.def 2019/11/10 v7.00c Hyperref: PDFDocEncoding definition (HO)
Now handling font encoding PD1 ...
... no UTF-8 mapping file for font encoding PD1
) ("C:\Program Files\MiKTeX 2.9\tex/generic/oberdiek\intcalc.sty"
Package: intcalc 2016/05/16 v1.2 Expandable calculations with integers (HO)
)
\Hy@SavedSpaceFactor=\count101
 ("C:\Program Files\MiKTeX 2.9\tex/latex/00miktex\hyperref.cfg"
=======

("C:\Users\Fabian\AppData\Local\Programs\MiKTeX 2.9\tex/latex/hyperref\pd1enc.d
ef"
File: pd1enc.def 2019/11/10 v7.00c Hyperref: PDFDocEncoding definition (HO)
Now handling font encoding PD1 ...
... no UTF-8 mapping file for font encoding PD1
)
("C:\Users\Fabian\AppData\Local\Programs\MiKTeX 2.9\tex/generic/oberdiek\intcal
c.sty"
Package: intcalc 2016/05/16 v1.2 Expandable calculations with integers (HO)
)
\Hy@SavedSpaceFactor=\count101

("C:\Users\Fabian\AppData\Local\Programs\MiKTeX 2.9\tex/latex/00miktex\hyperref
.cfg"
>>>>>>> 765fd33b98f21ec8430fbed4d2dc6193b9e1e9e7
File: hyperref.cfg 2002/06/06 v1.2 hyperref configuration of TeXLive
)
Package hyperref Info: Hyper figures OFF on input line 4535.
Package hyperref Info: Link nesting OFF on input line 4540.
Package hyperref Info: Hyper index ON on input line 4543.
Package hyperref Info: Plain pages OFF on input line 4550.
Package hyperref Info: Backreferencing OFF on input line 4555.
Package hyperref Info: Implicit mode ON; LaTeX internals redefined.
Package hyperref Info: Bookmarks ON on input line 4788.
\c@Hy@tempcnt=\count102
<<<<<<< HEAD
 ("C:\Program Files\MiKTeX 2.9\tex/latex/url\url.sty"
=======
 ("C:\Users\Fabian\AppData\Local\Programs\MiKTeX 2.9\tex/latex/url\url.sty"
>>>>>>> 765fd33b98f21ec8430fbed4d2dc6193b9e1e9e7
\Urlmuskip=\muskip10
Package: url 2013/09/16  ver 3.4  Verb mode for urls, etc.
)
LaTeX Info: Redefining \url on input line 5147.
\XeTeXLinkMargin=\dimen105
<<<<<<< HEAD
 ("C:\Program Files\MiKTeX 2.9\tex/generic/oberdiek\bitset.sty"
Package: bitset 2016/05/16 v1.2 Handle bit-vector datatype (HO)
 ("C:\Program Files\MiKTeX 2.9\tex/generic/oberdiek\bigintcalc.sty"
Package: bigintcalc 2016/05/16 v1.4 Expandable calculations on big integers (HO)
=======

("C:\Users\Fabian\AppData\Local\Programs\MiKTeX 2.9\tex/generic/oberdiek\bitset
.sty"
Package: bitset 2016/05/16 v1.2 Handle bit-vector datatype (HO)

("C:\Users\Fabian\AppData\Local\Programs\MiKTeX 2.9\tex/generic/oberdiek\bigint
calc.sty"
Package: bigintcalc 2016/05/16 v1.4 Expandable calculations on big integers (HO
)
>>>>>>> 765fd33b98f21ec8430fbed4d2dc6193b9e1e9e7
))
\Fld@menulength=\count103
\Field@Width=\dimen106
\Fld@charsize=\dimen107
Package hyperref Info: Hyper figures OFF on input line 6418.
Package hyperref Info: Link nesting OFF on input line 6423.
Package hyperref Info: Hyper index ON on input line 6426.
Package hyperref Info: backreferencing OFF on input line 6433.
Package hyperref Info: Link coloring OFF on input line 6438.
Package hyperref Info: Link coloring with OCG OFF on input line 6443.
Package hyperref Info: PDF/A mode OFF on input line 6448.
LaTeX Info: Redefining \ref on input line 6488.
LaTeX Info: Redefining \pageref on input line 6492.
<<<<<<< HEAD
 ("C:\Program Files\MiKTeX 2.9\tex/generic/oberdiek\atbegshi.sty"
Package: atbegshi 2016/06/09 v1.18 At begin shipout hook (HO)
 ("C:\Program Files\MiKTeX 2.9\tex/generic/iftex\ifpdf.sty"
=======

("C:\Users\Fabian\AppData\Local\Programs\MiKTeX 2.9\tex/generic/oberdiek\atbegs
hi.sty"
Package: atbegshi 2016/06/09 v1.18 At begin shipout hook (HO)

("C:\Users\Fabian\AppData\Local\Programs\MiKTeX 2.9\tex/generic/iftex\ifpdf.sty
"
>>>>>>> 765fd33b98f21ec8430fbed4d2dc6193b9e1e9e7
Package: ifpdf 2019/10/25 v3.4 ifpdf legacy package. Use iftex instead.
))
\Hy@abspage=\count104
\c@Item=\count105
\c@Hfootnote=\count106
)
Package hyperref Info: Driver (autodetected): hpdftex.
<<<<<<< HEAD
 ("C:\Program Files\MiKTeX 2.9\tex/latex/hyperref\hpdftex.def"
File: hpdftex.def 2019/11/10 v7.00c Hyperref driver for pdfTeX
 ("C:\Program Files\MiKTeX 2.9\tex/latex/oberdiek\atveryend.sty"
=======

("C:\Users\Fabian\AppData\Local\Programs\MiKTeX 2.9\tex/latex/hyperref\hpdftex.
def"
File: hpdftex.def 2019/11/10 v7.00c Hyperref driver for pdfTeX

("C:\Users\Fabian\AppData\Local\Programs\MiKTeX 2.9\tex/latex/oberdiek\atveryen
d.sty"
>>>>>>> 765fd33b98f21ec8430fbed4d2dc6193b9e1e9e7
Package: atveryend 2016/05/16 v1.9 Hooks at the very end of document (HO)
)
\Fld@listcount=\count107
\c@bookmark@seq@number=\count108
<<<<<<< HEAD
 ("C:\Program Files\MiKTeX 2.9\tex/latex/oberdiek\rerunfilecheck.sty"
Package: rerunfilecheck 2016/05/16 v1.8 Rerun checks for auxiliary files (HO)
 ("C:\Program Files\MiKTeX 2.9\tex/generic/oberdiek\uniquecounter.sty"
=======

("C:\Users\Fabian\AppData\Local\Programs\MiKTeX 2.9\tex/latex/oberdiek\rerunfil
echeck.sty"
Package: rerunfilecheck 2016/05/16 v1.8 Rerun checks for auxiliary files (HO)

("C:\Users\Fabian\AppData\Local\Programs\MiKTeX 2.9\tex/generic/oberdiek\unique
counter.sty"
>>>>>>> 765fd33b98f21ec8430fbed4d2dc6193b9e1e9e7
Package: uniquecounter 2016/05/16 v1.3 Provide unlimited unique counter (HO)
)
Package uniquecounter Info: New unique counter `rerunfilecheck' on input line 285.
)
\Hy@SectionHShift=\skip58
<<<<<<< HEAD
) ("C:\Program Files\MiKTeX 2.9\tex/latex/setspace\setspace.sty"
Package: setspace 2011/12/19 v6.7a set line spacing
) ("C:\Program Files\MiKTeX 2.9\tex/latex/geometry\geometry.sty"
Package: geometry 2020/01/02 v5.9 Page Geometry
 ("C:\Program Files\MiKTeX 2.9\tex/generic/iftex\ifvtex.sty"
=======
)
("C:\Users\Fabian\AppData\Local\Programs\MiKTeX 2.9\tex/latex/setspace\setspace
.sty"
Package: setspace 2011/12/19 v6.7a set line spacing
)
("C:\Users\Fabian\AppData\Local\Programs\MiKTeX 2.9\tex/latex/geometry\geometry
.sty"
Package: geometry 2020/01/02 v5.9 Page Geometry

("C:\Users\Fabian\AppData\Local\Programs\MiKTeX 2.9\tex/generic/iftex\ifvtex.st
y"
>>>>>>> 765fd33b98f21ec8430fbed4d2dc6193b9e1e9e7
Package: ifvtex 2019/10/25 v1.7 ifvtex legacy package. Use iftex instead.
)
\Gm@cnth=\count109
\Gm@cntv=\count110
\c@Gm@tempcnt=\count111
\Gm@bindingoffset=\dimen108
\Gm@wd@mp=\dimen109
\Gm@odd@mp=\dimen110
\Gm@even@mp=\dimen111
\Gm@layoutwidth=\dimen112
\Gm@layoutheight=\dimen113
\Gm@layouthoffset=\dimen114
\Gm@layoutvoffset=\dimen115
\Gm@dimlist=\toks18
<<<<<<< HEAD
 ("C:\Program Files\MiKTeX 2.9\tex/latex/geometry\geometry.cfg")) ("C:\Program Files\MiKTeX 2.9\tex/latex/graphics\color.sty"
Package: color 2016/07/10 v1.1e Standard LaTeX Color (DPC)
 ("C:\Program Files\MiKTeX 2.9\tex/latex/graphics-cfg\color.cfg"
File: color.cfg 2016/01/02 v1.6 sample color configuration
)
Package color Info: Driver file: pdftex.def on input line 147.
 ("C:\Program Files\MiKTeX 2.9\tex/latex/graphics-def\pdftex.def"
File: pdftex.def 2018/01/08 v1.0l Graphics/color driver for pdftex
)) ("C:\Program Files\MiKTeX 2.9\tex/latex/listings\listings.sty"
=======

("C:\Users\Fabian\AppData\Local\Programs\MiKTeX 2.9\tex/latex/geometry\geometry
.cfg"))
("C:\Users\Fabian\AppData\Local\Programs\MiKTeX 2.9\tex/latex/graphics\color.st
y"
Package: color 2016/07/10 v1.1e Standard LaTeX Color (DPC)

("C:\Users\Fabian\AppData\Local\Programs\MiKTeX 2.9\tex/latex/graphics-cfg\colo
r.cfg"
File: color.cfg 2016/01/02 v1.6 sample color configuration
)
Package color Info: Driver file: pdftex.def on input line 147.

("C:\Users\Fabian\AppData\Local\Programs\MiKTeX 2.9\tex/latex/graphics-def\pdft
ex.def"
File: pdftex.def 2018/01/08 v1.0l Graphics/color driver for pdftex
))
("C:\Users\Fabian\AppData\Local\Programs\MiKTeX 2.9\tex/latex/listings\listings
.sty"
>>>>>>> 765fd33b98f21ec8430fbed4d2dc6193b9e1e9e7
\lst@mode=\count112
\lst@gtempboxa=\box29
\lst@token=\toks19
\lst@length=\count113
\lst@currlwidth=\dimen116
\lst@column=\count114
\lst@pos=\count115
\lst@lostspace=\dimen117
\lst@width=\dimen118
\lst@newlines=\count116
\lst@lineno=\count117
\lst@maxwidth=\dimen119
<<<<<<< HEAD
 ("C:\Program Files\MiKTeX 2.9\tex/latex/listings\lstmisc.sty"
=======

("C:\Users\Fabian\AppData\Local\Programs\MiKTeX 2.9\tex/latex/listings\lstmisc.
sty"
>>>>>>> 765fd33b98f21ec8430fbed4d2dc6193b9e1e9e7
File: lstmisc.sty 2019/09/10 1.8c (Carsten Heinz)
\c@lstnumber=\count118
\lst@skipnumbers=\count119
\lst@framebox=\box30
<<<<<<< HEAD
) ("C:\Program Files\MiKTeX 2.9\tex/latex/listings\listings.cfg"
File: listings.cfg 2019/09/10 1.8c listings configuration
))
Package: listings 2019/09/10 1.8c (Carsten Heinz)
 ("C:\Program Files\MiKTeX 2.9\tex/latex/graphics\graphicx.sty"
Package: graphicx 2017/06/01 v1.1a Enhanced LaTeX Graphics (DPC,SPQR)
 ("C:\Program Files\MiKTeX 2.9\tex/latex/graphics\graphics.sty"
Package: graphics 2019/11/01 v1.3d Standard LaTeX Graphics (DPC,SPQR)
 ("C:\Program Files\MiKTeX 2.9\tex/latex/graphics\trig.sty"
Package: trig 2016/01/03 v1.10 sin cos tan (DPC)
) ("C:\Program Files\MiKTeX 2.9\tex/latex/graphics-cfg\graphics.cfg"
=======
)
("C:\Users\Fabian\AppData\Local\Programs\MiKTeX 2.9\tex/latex/listings\listings
.cfg"
File: listings.cfg 2019/09/10 1.8c listings configuration
))
Package: listings 2019/09/10 1.8c (Carsten Heinz)

("C:\Users\Fabian\AppData\Local\Programs\MiKTeX 2.9\tex/latex/graphics\graphicx
.sty"
Package: graphicx 2017/06/01 v1.1a Enhanced LaTeX Graphics (DPC,SPQR)

("C:\Users\Fabian\AppData\Local\Programs\MiKTeX 2.9\tex/latex/graphics\graphics
.sty"
Package: graphics 2019/11/01 v1.3d Standard LaTeX Graphics (DPC,SPQR)

("C:\Users\Fabian\AppData\Local\Programs\MiKTeX 2.9\tex/latex/graphics\trig.sty
"
Package: trig 2016/01/03 v1.10 sin cos tan (DPC)
)
("C:\Users\Fabian\AppData\Local\Programs\MiKTeX 2.9\tex/latex/graphics-cfg\grap
hics.cfg"
>>>>>>> 765fd33b98f21ec8430fbed4d2dc6193b9e1e9e7
File: graphics.cfg 2016/06/04 v1.11 sample graphics configuration
)
Package graphics Info: Driver file: pdftex.def on input line 105.
)
\Gin@req@height=\dimen120
\Gin@req@width=\dimen121
<<<<<<< HEAD
) ("C:\Program Files\MiKTeX 2.9\tex/latex/acronym\acronym.sty"
Package: acronym 2019/11/11 v1.42 Support for acronyms (Tobias Oetiker)
 ("C:\Program Files\MiKTeX 2.9\tex/latex/bigfoot\suffix.sty"
Package: suffix 2006/07/15 1.5a Variant command support
) ("C:\Program Files\MiKTeX 2.9\tex/latex/xstring\xstring.sty" ("C:\Program Files\MiKTeX 2.9\tex/generic/xstring\xstring.tex"
=======
)
("C:\Users\Fabian\AppData\Local\Programs\MiKTeX 2.9\tex/latex/acronym\acronym.s
ty"
Package: acronym 2019/11/11 v1.42 Support for acronyms (Tobias Oetiker)

("C:\Users\Fabian\AppData\Local\Programs\MiKTeX 2.9\tex/latex/bigfoot\suffix.st
y"
Package: suffix 2006/07/15 1.5a Variant command support
)
("C:\Users\Fabian\AppData\Local\Programs\MiKTeX 2.9\tex/latex/xstring\xstring.s
ty"
("C:\Users\Fabian\AppData\Local\Programs\MiKTeX 2.9\tex/generic/xstring\xstring
.tex"
>>>>>>> 765fd33b98f21ec8430fbed4d2dc6193b9e1e9e7
\integerpart=\count120
\decimalpart=\count121
)
Package: xstring 2019/02/06 v1.83 String manipulations (CT)
)
\AC@clearlist=\toks20
) ("C:\Program Files\MiKTeX 2.9\tex/latex/lstautodedent\lstautodedent.sty"
Package: lstautodedent 2014/05/20 v0.1 A package for automatically dedenting listings
\toks@lstad=\toks21
\spacesToGobble@lstad=\count122
\spacesGobbledSoFar@lstad=\count123
) ("C:\Program Files\MiKTeX 2.9\tex/latex/dirtree\dirtree.sty"
Package: dirtree 2012/12/11 v0.32 package wrapper for dirtree
 ("C:\Program Files\MiKTeX 2.9\tex/generic/dirtree\dirtree.tex" `dirtree' v0.32, 2012/12/11 (jcc)
\DT@offset=\dimen122
\DT@width=\dimen123
\DT@sep=\dimen124
\DT@all=\dimen125
\DT@rulewidth=\dimen126
\DT@dotwidth=\dimen127
\DTbaselineskip=\dimen128
\DT@counti=\count124
\DT@countii=\count125
\DT@countiii=\count126
\DT@countiv=\count127
\DT@indent=\dimen129
\DT@parskip=\dimen130
\DT@baselineskip=\dimen131
)
<<<<<<< HEAD
File: dirtree.tex 2012/12/11 v0.32 `dirtree' (jcc)
) ("C:\Program Files\MiKTeX 2.9\tex/latex/biblatex\biblatex.sty"
Package: biblatex 2019/08/31 v3.13a programmable bibliographies (PK/MW)
 ("C:\Program Files\MiKTeX 2.9\tex/latex/logreq\logreq.sty"
Package: logreq 2010/08/04 v1.0 xml request logger
\lrq@indent=\count128
 ("C:\Program Files\MiKTeX 2.9\tex/latex/logreq\logreq.def"
File: logreq.def 2010/08/04 v1.0 logreq spec v1.0
)) ("C:\Program Files\MiKTeX 2.9\tex/latex/base\ifthen.sty"
=======
("C:\Users\Fabian\AppData\Local\Programs\MiKTeX 2.9\tex/latex/biblatex\biblatex
.sty"
Package: biblatex 2019/08/31 v3.13a programmable bibliographies (PK/MW)

("C:\Users\Fabian\AppData\Local\Programs\MiKTeX 2.9\tex/latex/logreq\logreq.sty
"
Package: logreq 2010/08/04 v1.0 xml request logger
\lrq@indent=\count122

("C:\Users\Fabian\AppData\Local\Programs\MiKTeX 2.9\tex/latex/logreq\logreq.def
"
File: logreq.def 2010/08/04 v1.0 logreq spec v1.0
))
("C:\Users\Fabian\AppData\Local\Programs\MiKTeX 2.9\tex/latex/base\ifthen.sty"
>>>>>>> 765fd33b98f21ec8430fbed4d2dc6193b9e1e9e7
Package: ifthen 2014/09/29 v1.1c Standard LaTeX ifthen package (DPC)
)
\c@tabx@nest=\count129
\c@listtotal=\count130
\c@listcount=\count131
\c@liststart=\count132
\c@liststop=\count133
\c@citecount=\count134
\c@citetotal=\count135
\c@multicitecount=\count136
\c@multicitetotal=\count137
\c@instcount=\count138
\c@maxnames=\count139
\c@minnames=\count140
\c@maxitems=\count141
\c@minitems=\count142
\c@citecounter=\count143
\c@maxcitecounter=\count144
\c@savedcitecounter=\count145
\c@uniquelist=\count146
\c@uniquename=\count147
\c@refsection=\count148
\c@refsegment=\count149
\c@maxextratitle=\count150
\c@maxextratitleyear=\count151
\c@maxextraname=\count152
\c@maxextradate=\count153
\c@maxextraalpha=\count154
\c@abbrvpenalty=\count155
\c@highnamepenalty=\count156
\c@lownamepenalty=\count157
\c@maxparens=\count158
\c@parenlevel=\count159
\blx@tempcnta=\count160
\blx@tempcntb=\count161
\blx@tempcntc=\count162
\blx@maxsection=\count163
\blx@maxsegment@0=\count164
\blx@notetype=\count165
\blx@parenlevel@text=\count166
\blx@parenlevel@foot=\count167
\blx@sectionciteorder@0=\count168
\blx@entrysetcounter=\count169
\labelnumberwidth=\skip59
\labelalphawidth=\skip60
\biblabelsep=\skip61
\bibitemsep=\skip62
\bibnamesep=\skip63
\bibinitsep=\skip64
\bibparsep=\skip65
\bibhang=\skip66
\blx@bcfin=\read1
\blx@bcfout=\write3
\blx@langwohyphens=\language78
\c@mincomprange=\count170
\c@maxcomprange=\count171
\c@mincompwidth=\count172
Package biblatex Info: Trying to load biblatex default data model...
Package biblatex Info: ... file 'blx-dm.def' found.
<<<<<<< HEAD
 ("C:\Program Files\MiKTeX 2.9\tex/latex/biblatex\blx-dm.def"
=======

("C:\Users\Fabian\AppData\Local\Programs\MiKTeX 2.9\tex/latex/biblatex\blx-dm.d
ef"
>>>>>>> 765fd33b98f21ec8430fbed4d2dc6193b9e1e9e7
File: blx-dm.def 2019/08/31 v3.13a biblatex localization (PK/MW)
)
Package biblatex Info: Trying to load biblatex citestyle data model...
Package biblatex Info: ... file 'authortitle.dbx' not found.
Package biblatex Info: Trying to load biblatex bibstyle data model...
Package biblatex Info: ... file 'alphabetic.dbx' not found.
Package biblatex Info: Trying to load biblatex custom data model...
Package biblatex Info: ... file 'biblatex-dm.cfg' not found.
\c@afterword=\count173
\c@savedafterword=\count174
\c@annotator=\count175
\c@savedannotator=\count176
\c@author=\count177
\c@savedauthor=\count178
\c@bookauthor=\count179
\c@savedbookauthor=\count180
\c@commentator=\count181
\c@savedcommentator=\count182
\c@editor=\count183
\c@savededitor=\count184
\c@editora=\count185
\c@savededitora=\count186
\c@editorb=\count187
\c@savededitorb=\count188
\c@editorc=\count189
\c@savededitorc=\count190
\c@foreword=\count191
\c@savedforeword=\count192
\c@holder=\count193
\c@savedholder=\count194
\c@introduction=\count195
\c@savedintroduction=\count196
\c@namea=\count197
\c@savednamea=\count198
\c@nameb=\count199
\c@savednameb=\count266
\c@namec=\count267
\c@savednamec=\count268
\c@translator=\count269
\c@savedtranslator=\count270
\c@shortauthor=\count271
\c@savedshortauthor=\count272
\c@shorteditor=\count273
\c@savedshorteditor=\count274
\c@labelname=\count275
\c@savedlabelname=\count276
\c@institution=\count277
\c@savedinstitution=\count278
\c@lista=\count279
\c@savedlista=\count280
\c@listb=\count281
\c@savedlistb=\count282
\c@listc=\count283
\c@savedlistc=\count284
\c@listd=\count285
\c@savedlistd=\count286
\c@liste=\count287
\c@savedliste=\count288
\c@listf=\count289
\c@savedlistf=\count290
\c@location=\count291
\c@savedlocation=\count292
\c@organization=\count293
\c@savedorganization=\count294
\c@origlocation=\count295
\c@savedoriglocation=\count296
\c@origpublisher=\count297
\c@savedorigpublisher=\count298
\c@publisher=\count299
\c@savedpublisher=\count300
\c@language=\count301
\c@savedlanguage=\count302
\c@origlanguage=\count303
\c@savedoriglanguage=\count304
\c@pageref=\count305
\c@savedpageref=\count306
\shorthandwidth=\skip67
\shortjournalwidth=\skip68
\shortserieswidth=\skip69
\shorttitlewidth=\skip70
\shortauthorwidth=\skip71
\shorteditorwidth=\skip72
\locallabelnumberwidth=\skip73
\locallabelalphawidth=\skip74
\localshorthandwidth=\skip75
\localshortjournalwidth=\skip76
\localshortserieswidth=\skip77
\localshorttitlewidth=\skip78
\localshortauthorwidth=\skip79
\localshorteditorwidth=\skip80
Package biblatex Info: Trying to load compatibility code...
Package biblatex Info: ... file 'blx-compat.def' found.
<<<<<<< HEAD
 ("C:\Program Files\MiKTeX 2.9\tex/latex/biblatex\blx-compat.def"
=======

("C:\Users\Fabian\AppData\Local\Programs\MiKTeX 2.9\tex/latex/biblatex\blx-comp
at.def"
>>>>>>> 765fd33b98f21ec8430fbed4d2dc6193b9e1e9e7
File: blx-compat.def 2019/08/31 v3.13a biblatex compatibility (PK/MW)
)
Package biblatex Info: Trying to load generic definitions...
Package biblatex Info: ... file 'biblatex.def' found.
<<<<<<< HEAD
 ("C:\Program Files\MiKTeX 2.9\tex/latex/biblatex\biblatex.def"
=======

("C:\Users\Fabian\AppData\Local\Programs\MiKTeX 2.9\tex/latex/biblatex\biblatex
.def"
>>>>>>> 765fd33b98f21ec8430fbed4d2dc6193b9e1e9e7
File: biblatex.def 2019/08/31 v3.13a biblatex compatibility (PK/MW)
\c@textcitecount=\count307
\c@textcitetotal=\count308
\c@textcitemaxnames=\count309
\c@biburlbigbreakpenalty=\count310
\c@biburlbreakpenalty=\count311
\c@biburlnumpenalty=\count312
\c@biburlucpenalty=\count313
\c@biburllcpenalty=\count314
\biburlbigskip=\muskip11
\biburlnumskip=\muskip12
\biburlucskip=\muskip13
\biburllcskip=\muskip14
\c@smartand=\count315
)
Package biblatex Info: Trying to load natbib compatibility...
Package biblatex Info: ... file 'blx-natbib.def' found.
<<<<<<< HEAD
 ("C:\Program Files\MiKTeX 2.9\tex/latex/biblatex\blx-natbib.def"
=======

("C:\Users\Fabian\AppData\Local\Programs\MiKTeX 2.9\tex/latex/biblatex\blx-natb
ib.def"
>>>>>>> 765fd33b98f21ec8430fbed4d2dc6193b9e1e9e7
File: blx-natbib.def 2019/08/31 v3.13a biblatex compatibility (PK/MW)
Package biblatex Info: Delimiter 'nameyeardelim' in context '' already defined, overwriting.
)
Package biblatex Info: Trying to load bibliography style 'alphabetic'...
Package biblatex Info: ... file 'alphabetic.bbx' found.
<<<<<<< HEAD
 ("C:\Program Files\MiKTeX 2.9\tex/latex/biblatex/bbx\alphabetic.bbx"
File: alphabetic.bbx 2019/08/31 v3.13a biblatex bibliography style (PK/MW)
Package biblatex Info: Trying to load bibliography style 'standard'...
Package biblatex Info: ... file 'standard.bbx' found.
 ("C:\Program Files\MiKTeX 2.9\tex/latex/biblatex/bbx\standard.bbx"
=======

("C:\Users\Fabian\AppData\Local\Programs\MiKTeX 2.9\tex/latex/biblatex/bbx\alph
abetic.bbx"
File: alphabetic.bbx 2019/08/31 v3.13a biblatex bibliography style (PK/MW)
Package biblatex Info: Trying to load bibliography style 'standard'...
Package biblatex Info: ... file 'standard.bbx' found.

("C:\Users\Fabian\AppData\Local\Programs\MiKTeX 2.9\tex/latex/biblatex/bbx\stan
dard.bbx"
>>>>>>> 765fd33b98f21ec8430fbed4d2dc6193b9e1e9e7
File: standard.bbx 2019/08/31 v3.13a biblatex bibliography style (PK/MW)
\c@bbx:relatedcount=\count316
\c@bbx:relatedtotal=\count317
))
Package biblatex Info: Trying to load citation style 'authortitle'...
Package biblatex Info: ... file 'authortitle.cbx' found.
<<<<<<< HEAD
 ("C:\Program Files\MiKTeX 2.9\tex/latex/biblatex/cbx\authortitle.cbx"
=======

("C:\Users\Fabian\AppData\Local\Programs\MiKTeX 2.9\tex/latex/biblatex/cbx\auth
ortitle.cbx"
>>>>>>> 765fd33b98f21ec8430fbed4d2dc6193b9e1e9e7
File: authortitle.cbx 2019/08/31 v3.13a biblatex citation style (PK/MW)
Package biblatex Info: Redefining '\cite'.
Package biblatex Info: Redefining '\parencite'.
Package biblatex Info: Redefining '\footcite'.
Package biblatex Info: Redefining '\footcitetext'.
Package biblatex Info: Redefining '\smartcite'.
Package biblatex Info: Redefining '\textcite'.
Package biblatex Info: Redefining '\textcites'.
)
Package biblatex Info: Trying to load configuration file...
Package biblatex Info: ... file 'biblatex.cfg' found.
<<<<<<< HEAD
 ("C:\Program Files\MiKTeX 2.9\tex/latex/biblatex\biblatex.cfg"
=======

("C:\Users\Fabian\AppData\Local\Programs\MiKTeX 2.9\tex/latex/biblatex\biblatex
.cfg"
>>>>>>> 765fd33b98f21ec8430fbed4d2dc6193b9e1e9e7
File: biblatex.cfg 
))
Package csquotes Info: Checking for multilingual support...
Package csquotes Info: ... found 'babel' package.
Package csquotes Info: Adjusting default style.
Package csquotes Info: Redefining alias 'default' -> 'german'.
Package biblatex Info: Trying to load language 'german'...
Package biblatex Info: ... file 'german.lbx' found.
<<<<<<< HEAD
 ("C:\Program Files\MiKTeX 2.9\tex/latex/biblatex/lbx\german.lbx"
=======

("C:\Users\Fabian\AppData\Local\Programs\MiKTeX 2.9\tex/latex/biblatex/lbx\germ
an.lbx"
>>>>>>> 765fd33b98f21ec8430fbed4d2dc6193b9e1e9e7
File: german.lbx 2019/08/31 v3.13a biblatex localization (PK/MW)
) (c:/Users\Kevin\Documents\Opencv-FaceRecoginition\Studienarbeit\Praxisarbeit-template.aux (c:/Users\Kevin\Documents\Opencv-FaceRecoginition\Studienarbeit\Titelseite.aux))
\openout1 = `Praxisarbeit-template.aux'.

<<<<<<< HEAD
LaTeX Font Info:    Checking defaults for OML/cmm/m/it on input line 45.
LaTeX Font Info:    ... okay on input line 45.
LaTeX Font Info:    Checking defaults for T1/cmr/m/n on input line 45.
LaTeX Font Info:    ... okay on input line 45.
LaTeX Font Info:    Checking defaults for OT1/cmr/m/n on input line 45.
LaTeX Font Info:    ... okay on input line 45.
LaTeX Font Info:    Checking defaults for OMS/cmsy/m/n on input line 45.
LaTeX Font Info:    ... okay on input line 45.
LaTeX Font Info:    Checking defaults for OMX/cmex/m/n on input line 45.
LaTeX Font Info:    ... okay on input line 45.
LaTeX Font Info:    Checking defaults for U/cmr/m/n on input line 45.
LaTeX Font Info:    ... okay on input line 45.
LaTeX Font Info:    Checking defaults for PD1/pdf/m/n on input line 45.
LaTeX Font Info:    ... okay on input line 45.
\AtBeginShipoutBox=\box31
Package hyperref Info: Link coloring OFF on input line 45.
 ("C:\Program Files\MiKTeX 2.9\tex/latex/hyperref\nameref.sty"
Package: nameref 2019/09/16 v2.46 Cross-referencing by name of section
 ("C:\Program Files\MiKTeX 2.9\tex/latex/oberdiek\refcount.sty"
Package: refcount 2016/05/16 v3.5 Data extraction from label references (HO)
) ("C:\Program Files\MiKTeX 2.9\tex/generic/oberdiek\gettitlestring.sty"
=======
LaTeX Font Info:    Checking defaults for OML/cmm/m/it on input line 33.
LaTeX Font Info:    ... okay on input line 33.
LaTeX Font Info:    Checking defaults for T1/cmr/m/n on input line 33.
LaTeX Font Info:    ... okay on input line 33.
LaTeX Font Info:    Checking defaults for OT1/cmr/m/n on input line 33.
LaTeX Font Info:    ... okay on input line 33.
LaTeX Font Info:    Checking defaults for OMS/cmsy/m/n on input line 33.
LaTeX Font Info:    ... okay on input line 33.
LaTeX Font Info:    Checking defaults for OMX/cmex/m/n on input line 33.
LaTeX Font Info:    ... okay on input line 33.
LaTeX Font Info:    Checking defaults for U/cmr/m/n on input line 33.
LaTeX Font Info:    ... okay on input line 33.
LaTeX Font Info:    Checking defaults for PD1/pdf/m/n on input line 33.
LaTeX Font Info:    ... okay on input line 33.
\AtBeginShipoutBox=\box31
Package hyperref Info: Link coloring OFF on input line 33.

("C:\Users\Fabian\AppData\Local\Programs\MiKTeX 2.9\tex/latex/hyperref\nameref.
sty"
Package: nameref 2019/09/16 v2.46 Cross-referencing by name of section

("C:\Users\Fabian\AppData\Local\Programs\MiKTeX 2.9\tex/latex/oberdiek\refcount
.sty"
Package: refcount 2016/05/16 v3.5 Data extraction from label references (HO)
)
("C:\Users\Fabian\AppData\Local\Programs\MiKTeX 2.9\tex/generic/oberdiek\gettit
lestring.sty"
>>>>>>> 765fd33b98f21ec8430fbed4d2dc6193b9e1e9e7
Package: gettitlestring 2016/05/16 v1.5 Cleanup title references (HO)
)
\c@section@level=\count318
)
<<<<<<< HEAD
LaTeX Info: Redefining \ref on input line 45.
LaTeX Info: Redefining \pageref on input line 45.
LaTeX Info: Redefining \nameref on input line 45.
 (c:/Users\Kevin\Documents\Opencv-FaceRecoginition\Studienarbeit\Praxisarbeit-template.out) (c:/Users\Kevin\Documents\Opencv-FaceRecoginition\Studienarbeit\Praxisarbeit-template.out)
=======
LaTeX Info: Redefining \ref on input line 33.
LaTeX Info: Redefining \pageref on input line 33.
LaTeX Info: Redefining \nameref on input line 33.
 (Praxisarbeit-template.out) (Praxisarbeit-template.out)
>>>>>>> 765fd33b98f21ec8430fbed4d2dc6193b9e1e9e7
\@outlinefile=\write4
\openout4 = `Praxisarbeit-template.out'.

Class scrbook Info: loading recommended package `bookmark'.
(scrbook)           Using `bookmark' together with `hyperref' is recommended,
(scrbook)           because of handling of possible bookmark level gaps.
(scrbook)           You can avoid loading `bookmark' with KOMA-Script option
(scrbook)           `bookmarkpackage=false' before \begin{document} and
(scrbook)           you can avoid this message adding:
(scrbook)             \usepackage{bookmark}
<<<<<<< HEAD
(scrbook)           before \begin{document} on input line 45.
 ("C:\Program Files\MiKTeX 2.9\tex/latex/oberdiek\bookmark.sty"
Package: bookmark 2019/06/04 v1.27 PDF bookmarks (HO)
 ("C:\Program Files\MiKTeX 2.9\tex/generic/iftex\ifxetex.sty"
Package: ifxetex 2019/10/25 v0.7 ifxetex legacy package. Use iftex instead.
) ("C:\Program Files\MiKTeX 2.9\tex/latex/oberdiek\bkm-pdftex.def"
=======
(scrbook)           before \begin{document} on input line 33.

("C:\Users\Fabian\AppData\Local\Programs\MiKTeX 2.9\tex/latex/oberdiek\bookmark
.sty"
Package: bookmark 2019/06/04 v1.27 PDF bookmarks (HO)

("C:\Users\Fabian\AppData\Local\Programs\MiKTeX 2.9\tex/generic/iftex\ifxetex.s
ty"
Package: ifxetex 2019/10/25 v0.7 ifxetex legacy package. Use iftex instead.
)
("C:\Users\Fabian\AppData\Local\Programs\MiKTeX 2.9\tex/latex/oberdiek\bkm-pdft
ex.def"
>>>>>>> 765fd33b98f21ec8430fbed4d2dc6193b9e1e9e7
File: bkm-pdftex.def 2019/06/04 v1.27 bookmark driver for pdfTeX (HO)
Package auxhook Info: \AddLineBeginMainAux comes a little late,
(auxhook)             because the main .aux file is already opened on input line 167.
\BKM@id=\count319
))
*geometry* driver: auto-detecting
*geometry* detected driver: pdftex
*geometry* verbose mode - [ preamble ] result:
* driver: pdftex
* paper: a4paper
* layout: <same size as paper>
* layoutoffset:(h,v)=(0.0pt,0.0pt)
* bindingoffset: 14.22636pt
* modes: twoside 
* h-part:(L,W,R)=(71.13188pt, 441.01775pt, 71.13188pt)
* v-part:(T,H,B)=(71.13188pt, 702.78308pt, 71.13188pt)
* \paperwidth=597.50787pt
* \paperheight=845.04684pt
* \textwidth=441.01775pt
* \textheight=702.78308pt
* \oddsidemargin=13.08826pt
* \evensidemargin=-1.1381pt
* \topmargin=-41.0131pt
* \headheight=18.125pt
* \headsep=21.75pt
* \topskip=12.0pt
* \footskip=50.75pt
* \marginparwidth=74.68849pt
* \marginparsep=12.8401pt
* \columnsep=10.0pt
* \skip\footins=10.8pt plus 4.0pt minus 2.0pt
* \hoffset=0.0pt
* \voffset=0.0pt
* \mag=1000
* \@twocolumnfalse
* \@twosidetrue
* \@mparswitchtrue
* \@reversemarginfalse
* (1in=72.27pt=25.4mm, 1cm=28.453pt)

<<<<<<< HEAD
("C:\Program Files\MiKTeX 2.9\tex/context/base/mkii\supp-pdf.mkii"
=======

("C:\Users\Fabian\AppData\Local\Programs\MiKTeX 2.9\tex/context/base/mkii\supp-
pdf.mkii"
>>>>>>> 765fd33b98f21ec8430fbed4d2dc6193b9e1e9e7
[Loading MPS to PDF converter (version 2006.09.02).]
\scratchcounter=\count320
\scratchdimen=\dimen132
\scratchbox=\box32
<<<<<<< HEAD
\nofMPsegments=\count321
\nofMParguments=\count322
\everyMPshowfont=\toks22
\MPscratchCnt=\count323
\MPscratchDim=\dimen133
\MPnumerator=\count324
\makeMPintoPDFobject=\count325
\everyMPtoPDFconversion=\toks23
) ("C:\Program Files\MiKTeX 2.9\tex/latex/epstopdf-pkg\epstopdf-base.sty"
Package: epstopdf-base 2019/11/24 v2.7 Base part for package epstopdf
 ("C:\Program Files\MiKTeX 2.9\tex/latex/oberdiek\grfext.sty"
=======
\nofMPsegments=\count315
\nofMParguments=\count316
\everyMPshowfont=\toks21
\MPscratchCnt=\count317
\MPscratchDim=\dimen123
\MPnumerator=\count318
\makeMPintoPDFobject=\count319
\everyMPtoPDFconversion=\toks22
)
("C:\Users\Fabian\AppData\Local\Programs\MiKTeX 2.9\tex/latex/epstopdf-pkg\epst
opdf-base.sty"
Package: epstopdf-base 2019/11/24 v2.7 Base part for package epstopdf

("C:\Users\Fabian\AppData\Local\Programs\MiKTeX 2.9\tex/latex/oberdiek\grfext.s
ty"
>>>>>>> 765fd33b98f21ec8430fbed4d2dc6193b9e1e9e7
Package: grfext 2016/05/16 v1.2 Manage graphics extensions (HO)
)
Package epstopdf-base Info: Redefining graphics rule for `.eps' on input line 442.
Package grfext Info: Graphics extension search list:
(grfext)             [.pdf,.png,.jpg,.mps,.jpeg,.jbig2,.jb2,.PDF,.PNG,.JPG,.JPEG,.JBIG2,.JB2,.eps]
(grfext)             \AppendGraphicsExtensions on input line 460.
)
\c@lstlisting=\count326
Package biblatex Info: Input encoding 'utf8' detected.
Package biblatex Info: Automatic encoding selection.
(biblatex)             Assuming data encoding 'utf8'.
\openout3 = `Praxisarbeit-template.bcf'.

Package biblatex Info: Trying to load bibliographic data...
Package biblatex Info: ... file 'Praxisarbeit-template.bbl' found.
<<<<<<< HEAD
 (c:/Users\Kevin\Documents\Opencv-FaceRecoginition\Studienarbeit\Praxisarbeit-template.bbl)
Package biblatex Info: Reference section=0 on input line 45.
Package biblatex Info: Reference segment=0 on input line 45.
=======
 (Praxisarbeit-template.bbl)
Package biblatex Info: Reference section=0 on input line 33.
Package biblatex Info: Reference segment=0 on input line 33.
>>>>>>> 765fd33b98f21ec8430fbed4d2dc6193b9e1e9e7
\openout2 = `Titelseite.aux'.

 (c:/Users\Kevin\Documents\Opencv-FaceRecoginition\Studienarbeit\Titelseite.tex
<Bilder/DHBW_logo.jpg, id=3, 702.625pt x 293.095pt>
File: Bilder/DHBW_logo.jpg Graphic file (type jpg)
<use Bilder/DHBW_logo.jpg>
Package pdftex.def Info: Bilder/DHBW_logo.jpg  used on input line 15.
(pdftex.def)             Requested size: 175.6558pt x 73.27356pt.
<Bilder/Atos_logo.png, id=5, 526.96875pt x 180.675pt>
File: Bilder/Atos_logo.png Graphic file (type png)
<use Bilder/Atos_logo.png>
Package pdftex.def Info: Bilder/Atos_logo.png  used on input line 16.
(pdftex.def)             Requested size: 131.74185pt x 45.16862pt.

Overfull \hbox (2.25058pt too wide) in paragraph at lines 14--17
[]|  [] |  [] 
 []

LaTeX Font Info:    External font `cmex10' loaded for size
(Font)              <12> on input line 28.
LaTeX Font Info:    External font `cmex10' loaded for size
(Font)              <8> on input line 28.
LaTeX Font Info:    External font `cmex10' loaded for size
(Font)              <6> on input line 28.
[1




<<<<<<< HEAD
{C:/Users/Kevin/AppData/Local/MiKTeX/2.9/pdftex/config/pdftex.map} <c:/Users/Kevin/Documents/Opencv-FaceRecoginition/Studienarbeit/Bilder/DHBW_logo.jpg> <c:/Users/Kevin/Documents/Opencv-FaceRecoginition/Studienarbeit/Bilder/Atos_logo.png>])
Underfull \hbox (badness 10000) in paragraph at lines 55--62
=======
{C:/Users/Fabian/AppData/Local/MiKTeX/2.9/pdftex/config/pdftex.map} <./Bilder/D
HBW_logo.jpg> <./Bilder/Atos_logo.png>])
Underfull \hbox (badness 10000) in paragraph at lines 44--52
>>>>>>> 765fd33b98f21ec8430fbed4d2dc6193b9e1e9e7

 []


<<<<<<< HEAD
Underfull \hbox (badness 10000) in paragraph at lines 55--62
=======
Underfull \hbox (badness 10000) in paragraph at lines 44--52
>>>>>>> 765fd33b98f21ec8430fbed4d2dc6193b9e1e9e7

 []


<<<<<<< HEAD
Underfull \hbox (badness 10000) in paragraph at lines 55--62
=======
Underfull \hbox (badness 10000) in paragraph at lines 44--52
>>>>>>> 765fd33b98f21ec8430fbed4d2dc6193b9e1e9e7

 []

[2

<<<<<<< HEAD
] [3] (c:/Users\Kevin\Documents\Opencv-FaceRecoginition\Studienarbeit\Praxisarbeit-template.toc [4])
\tf@toc=\write5
\openout5 = `Praxisarbeit-template.toc'.

 (c:/Users\Kevin\Documents\Opencv-FaceRecoginition\Studienarbeit\Praxisarbeit-template.lof)
=======
] [3] (Praxisarbeit-template.toc
Underfull \vbox (badness 4429) has occurred while \output is active []

 [4])
\tf@toc=\write5
\openout5 = `Praxisarbeit-template.toc'.


(Praxisarbeit-template.lof)
>>>>>>> 765fd33b98f21ec8430fbed4d2dc6193b9e1e9e7
\tf@lof=\write6
\openout6 = `Praxisarbeit-template.lof'.

 [5]
chapter 1.

Class scrbook Warning: \float@addtolists detected!
(scrbook)              Implementation of \float@addtolist became
(scrbook)              deprecated in KOMA-Script v3.01 2008/11/14 and
(scrbook)              has been replaced by several more flexible
(scrbook)              features of package `tocbasic`.
(scrbook)              Since Version 3.12 support for deprecated
(scrbook)              \float@addtolist interface has been
(scrbook)              restricted to only some of the KOMA-Script
(scrbook)              features and been removed from others.
(scrbook)              Loading of package `scrhack' may help to
(scrbook)              avoid this warning, if you are using a
(scrbook)              a package that still implements the
(scrbook)              deprecated \float@addtolist interface .

LaTeX Font Info:    External font `cmex10' loaded for size
<<<<<<< HEAD
(Font)              <7> on input line 83.
LaTeX Font Info:    External font `cmex10' loaded for size
(Font)              <5> on input line 83.
=======
(Font)              <7> on input line 79.
LaTeX Font Info:    External font `cmex10' loaded for size
(Font)              <5> on input line 79.

LaTeX Warning: Citation 'FaceRec' on page 1 undefined on input line 79.


LaTeX Warning: Citation 'FaceRec' on page 1 undefined on input line 82.

>>>>>>> 765fd33b98f21ec8430fbed4d2dc6193b9e1e9e7

LaTeX Warning: Citation 'HandbookFaceRec' on page 1 undefined on input line 84.



LaTeX Warning: Citation 'mixedArticle' on page 1 undefined on input line 88.


LaTeX Warning: Citation 'Frauenhofer' on page 1 undefined on input line 90.


LaTeX Warning: Citation 'SZ' on page 1 undefined on input line 94.


LaTeX Warning: Citation 'Frauenhofer' on page 1 undefined on input line 98.

pdfTeX warning (ext4): destination with the same identifier (name{page.1}) has been already used, duplicate ignored
<to be read again> 
                   \relax 
<<<<<<< HEAD
l.109 \begin{itemize}
                      [1]
LaTeX Font Info:    Trying to load font information for OMS+cmr on input line 110.
 ("C:\Program Files\MiKTeX 2.9\tex/latex/base\omscmr.fd"
File: omscmr.fd 2014/09/29 v2.5h Standard LaTeX font definitions
)
LaTeX Font Info:    Font shape `OMS/cmr/m/n' in size <12> not available
(Font)              Font shape `OMS/cmsy/m/n' tried instead on input line 110.

Overfull \hbox (7.75401pt too wide) in paragraph at lines 112--113
\OT1/cmr/m/n/12 Es ist denk-bar, dass ei-ne er-wei-ter-te Form des ent-wickel-ten Pro-to-ty-pen bei Po-li-zeiverh[]oren
 []

pdfTeX warning (ext4): destination with the same identifier (name{page.2}) has been already used, duplicate ignored
<to be read again> 
                   \relax 
l.127 
       [2]
chapter 2.
pdfTeX warning (ext4): destination with the same identifier (name{page.3}) has been already used, duplicate ignored
<to be read again> 
                   \relax 
l.144 \item M
             ust - Core Anforderungen die unbedingt umgesetzt werden mssen [3]
Overfull \hbox (29.1954pt too wide) in paragraph at lines 167--168
[]\OT1/cmr/m/n/12 Eine Ober-fl[]ache zur in-tui-ti-ven Be-die-nung der L[]osung oh-ne tech-ni-sches Verst[]andnis
=======
l.105 \begin{itemize}
                      [1]
LaTeX Font Info:    Trying to load font information for OMS+cmr on input line 1
06.

("C:\Users\Fabian\AppData\Local\Programs\MiKTeX 2.9\tex/latex/base\omscmr.fd"
File: omscmr.fd 2014/09/29 v2.5h Standard LaTeX font definitions
)
LaTeX Font Info:    Font shape `OMS/cmr/m/n' in size <12> not available
(Font)              Font shape `OMS/cmsy/m/n' tried instead on input line 106.

Overfull \hbox (7.75401pt too wide) in paragraph at lines 108--109
\OT1/cmr/m/n/12 Es ist denk-bar, dass ei-ne er-wei-ter-te Form des ent-wickel-t
en Pro-to-ty-pen bei Po-li-zeiverh[]oren
 []

chapter 2.
pdfTeX warning (ext4): destination with the same identifier (name{page.2}) has 
been already used, duplicate ignored
<to be read again> 
                   \relax 
l.126 \chapter{Anforderungen}
                              [2]

LaTeX Warning: Citation 'Projektmanagement' on page 3 undefined on input line 1
40.


Underfull \vbox (badness 1701) has occurred while \output is active []

pdfTeX warning (ext4): destination with the same identifier (name{page.3}) has 
been already used, duplicate ignored
<to be read again> 
                   \relax 
l.142 \item M
             ust - Core Anforderungen die unbedingt umgesetzt werden mssen
[3]
Overfull \hbox (29.1954pt too wide) in paragraph at lines 165--166
[]\OT1/cmr/m/n/12 Eine Ober-fl[]ache zur in-tui-ti-ven Be-die-nung der L[]osung
 oh-ne tech-ni-sches Verst[]andnis
>>>>>>> 765fd33b98f21ec8430fbed4d2dc6193b9e1e9e7
 []

chapter 3.
pdfTeX warning (ext4): destination with the same identifier (name{page.4}) has been already used, duplicate ignored
<to be read again> 
                   \relax 
<<<<<<< HEAD
l.178 \chapter{Stand der Technik}
                                  [4]
<Bilder/FaceRecognition.png, id=194, 378.213pt x 137.313pt>
File: Bilder/FaceRecognition.png Graphic file (type png)
<use Bilder/FaceRecognition.png>
Package pdftex.def Info: Bilder/FaceRecognition.png  used on input line 189.
(pdftex.def)             Requested size: 441.01775pt x 160.12335pt.
Class scrbook Info: Workaround for not recommended usage of \\ or
(scrbook)           \newlinein caption text  on input line 190.
pdfTeX warning (ext4): destination with the same identifier (name{page.5}) has been already used, duplicate ignored
<to be read again> 
                   \relax 
l.207 
       [5 <c:/Users/Kevin/Documents/Opencv-FaceRecoginition/Studienarbeit/Bilder/FaceRecognition.png>] [6] [7]
chapter 4.
[8] [9] ("C:\Program Files\MiKTeX 2.9\tex/latex/listings\lstlang1.sty"
File: lstlang1.sty 2019/09/10 1.8c listings language file
)
Package hyperref Info: bookmark level for unknown lstlisting defaults to 0 on input line 282.
 (c:/Users\Kevin\Documents\Opencv-FaceRecoginition\Studienarbeit\Code/InputGUI1.py [10])
<Bilder/InputGUI1.png, id=255, 642.4pt x 511.9125pt>
File: Bilder/InputGUI1.png Graphic file (type png)
<use Bilder/InputGUI1.png>
Package pdftex.def Info: Bilder/InputGUI1.png  used on input line 284.
(pdftex.def)             Requested size: 441.01775pt x 351.44688pt.

Underfull \hbox (badness 10000) in paragraph at lines 288--289

 []

(c:/Users\Kevin\Documents\Opencv-FaceRecoginition\Studienarbeit\Code/InputGUI2.py) [11 <c:/Users/Kevin/Documents/Opencv-FaceRecoginition/Studienarbeit/Bilder/InputGUI1.png>]
Underfull \hbox (badness 10000) in paragraph at lines 290--291

 []


Class scrbook Warning: `\caption' outside float.
(scrbook)              Seems you are using `\caption' outside a float.
(scrbook)              Maybe you are using a package that uses `\@makecaption'
(scrbook)              without setting `\@captype' before.
(scrbook)              Because I cannot detect the caption type, I'm using
(scrbook)              the empty one. on input line 291.

(c:/Users\Kevin\Documents\Opencv-FaceRecoginition\Studienarbeit\Code/InputGUI2.py)
<Bilder/InputGUI2.png, id=269, 642.4pt x 511.9125pt>
File: Bilder/InputGUI2.png Graphic file (type png)
<use Bilder/InputGUI2.png>
Package pdftex.def Info: Bilder/InputGUI2.png  used on input line 294.
(pdftex.def)             Requested size: 441.01775pt x 351.44688pt.


LaTeX Warning: `h' float specifier changed to `ht'.

[12] (c:/Users\Kevin\Documents\Opencv-FaceRecoginition\Studienarbeit\Code/InputGUI3.py)
Overfull \hbox (41.76027pt too wide) in paragraph at lines 300--301
\OT1/cmr/m/n/12 Um nun al-le Au-gen in ei-nem Bild zu er-ken-nen, kann nun wie-der die Me-tho-de \OT1/cmtt/m/n/12 detectMultiScale
 []

(c:/Users\Kevin\Documents\Opencv-FaceRecoginition\Studienarbeit\Code/InputGUI3.py [13 <c:/Users/Kevin/Documents/Opencv-FaceRecoginition/Studienarbeit/Bilder/InputGUI2.png>])

Class scrbook Warning: `\caption' outside float.
(scrbook)              Seems you are using `\caption' outside a float.
(scrbook)              Maybe you are using a package that uses `\@makecaption'
(scrbook)              without setting `\@captype' before.
(scrbook)              Because I cannot detect the caption type, I'm using
(scrbook)              the empty one. on input line 303.

(c:/Users\Kevin\Documents\Opencv-FaceRecoginition\Studienarbeit\Code/InputGUI3.py [14])
<Bilder/InputGUI3.png, id=343, 642.4pt x 511.9125pt>
File: Bilder/InputGUI3.png Graphic file (type png)
<use Bilder/InputGUI3.png>
Package pdftex.def Info: Bilder/InputGUI3.png  used on input line 306.
(pdftex.def)             Requested size: 441.01775pt x 351.44688pt.


LaTeX Warning: `h' float specifier changed to `ht'.

<Bilder/Disgust1.png, id=348, 642.4pt x 491.8375pt>
File: Bilder/Disgust1.png Graphic file (type png)
<use Bilder/Disgust1.png>
Package pdftex.def Info: Bilder/Disgust1.png  used on input line 334.
(pdftex.def)             Requested size: 88.2022pt x 67.52841pt.
<Bilder/Disgust2.png, id=349, 642.4pt x 491.8375pt>
File: Bilder/Disgust2.png Graphic file (type png)
<use Bilder/Disgust2.png>
Package pdftex.def Info: Bilder/Disgust2.png  used on input line 338.
(pdftex.def)             Requested size: 88.2022pt x 67.52841pt.
<Bilder/Disgust3.png, id=350, 642.4pt x 491.8375pt>
File: Bilder/Disgust3.png Graphic file (type png)
<use Bilder/Disgust3.png>
Package pdftex.def Info: Bilder/Disgust3.png  used on input line 342.
(pdftex.def)             Requested size: 88.2022pt x 67.52841pt.
<Bilder/Disgust4.png, id=351, 642.4pt x 491.8375pt>
File: Bilder/Disgust4.png Graphic file (type png)
<use Bilder/Disgust4.png>
Package pdftex.def Info: Bilder/Disgust4.png  used on input line 346.
(pdftex.def)             Requested size: 88.2022pt x 67.52841pt.
<Bilder/Disgust5.png, id=352, 642.4pt x 491.8375pt>
File: Bilder/Disgust5.png Graphic file (type png)
<use Bilder/Disgust5.png>
Package pdftex.def Info: Bilder/Disgust5.png  used on input line 350.
(pdftex.def)             Requested size: 88.2022pt x 67.52841pt.
<Bilder/Disgust6.png, id=353, 642.4pt x 491.8375pt>
File: Bilder/Disgust6.png Graphic file (type png)
<use Bilder/Disgust6.png>
Package pdftex.def Info: Bilder/Disgust6.png  used on input line 354.
(pdftex.def)             Requested size: 88.2022pt x 67.52841pt.
<Bilder/Disgust7.png, id=354, 642.4pt x 491.8375pt>
File: Bilder/Disgust7.png Graphic file (type png)
<use Bilder/Disgust7.png>
Package pdftex.def Info: Bilder/Disgust7.png  used on input line 358.
(pdftex.def)             Requested size: 88.2022pt x 67.52841pt.
<Bilder/Disgust8.png, id=355, 642.4pt x 491.8375pt>
File: Bilder/Disgust8.png Graphic file (type png)
<use Bilder/Disgust8.png>
Package pdftex.def Info: Bilder/Disgust8.png  used on input line 362.
(pdftex.def)             Requested size: 88.2022pt x 67.52841pt.
<Bilder/Disgust9.png, id=356, 642.4pt x 491.8375pt>
File: Bilder/Disgust9.png Graphic file (type png)
<use Bilder/Disgust9.png>
Package pdftex.def Info: Bilder/Disgust9.png  used on input line 366.
(pdftex.def)             Requested size: 88.2022pt x 67.52841pt.
<Bilder/Disgust10.png, id=357, 642.4pt x 491.8375pt>
File: Bilder/Disgust10.png Graphic file (type png)
<use Bilder/Disgust10.png>
Package pdftex.def Info: Bilder/Disgust10.png  used on input line 370.
(pdftex.def)             Requested size: 88.2022pt x 67.52841pt.
<Bilder/Disgust11.png, id=358, 642.4pt x 491.8375pt>
File: Bilder/Disgust11.png Graphic file (type png)
<use Bilder/Disgust11.png>
Package pdftex.def Info: Bilder/Disgust11.png  used on input line 374.
(pdftex.def)             Requested size: 88.2022pt x 67.52841pt.

LaTeX Warning: `h' float specifier changed to `ht'.


LaTeX Warning: `h' float specifier changed to `ht'.


Overfull \hbox (2.61107pt too wide) in paragraph at lines 387--429
[][] [] 
 []

[15]
Underfull \vbox (badness 10000) has occurred while \output is active []

 [16 <c:/Users/Kevin/Documents/Opencv-FaceRecoginition/Studienarbeit/Bilder/InputGUI3.png>]
Underfull \vbox (badness 3525) has occurred while \output is active []

 [17 <c:/Users/Kevin/Documents/Opencv-FaceRecoginition/Studienarbeit/Bilder/Disgust1.png (PNG copy)> <c:/Users/Kevin/Documents/Opencv-FaceRecoginition/Studienarbeit/Bilder/Disgust2.png (PNG copy)> <c:/Users/Kevin/Documents/Opencv-FaceRecoginition/Studienarbeit/Bilder/Disgust3.png (PNG copy)> <c:/Users/Kevin/Documents/Opencv-FaceRecoginition/Studienarbeit/Bilder/Disgust4.png (PNG copy)> <c:/Users/Kevin/Documents/Opencv-FaceRecoginition/Studienarbeit/Bilder/Disgust5.png (PNG copy)> <c:/Users/Kevin/Documents/Opencv-FaceRecoginition/Studienarbeit/Bilder/Disgust6.png (PNG copy)> <c:/Users/Kevin/Documents/Opencv-FaceRecoginition/Studienarbeit/Bilder/Disgust7.png (PNG copy)> <c:/Users/Kevin/Documents/Opencv-FaceRecoginition/Studienarbeit/Bilder/Disgust8.png (PNG copy)> <c:/Users/Kevin/Documents/Opencv-FaceRecoginition/Studienarbeit/Bilder/Disgust9.png (PNG copy)> <c:/Users/Kevin/Documents/Opencv-FaceRecoginition/Studienarbeit/Bilder/Disgust10.png (PNG copy)> <c:/Users/Kevin/Documents/Opencv-FaceRecoginition/Studienarbeit/Bilder/Disgust11.png (PNG copy)>] [18] (c:/Users\Kevin\Documents\Opencv-FaceRecoginition\Studienarbeit\Code/OrganizingTheDataset.py
Underfull \vbox (badness 3417) has occurred while \output is active []

 [19]) (c:/Users\Kevin\Documents\Opencv-FaceRecoginition\Studienarbeit\Code/ClassifierHandler.py) (c:/Users\Kevin\Documents\Opencv-FaceRecoginition\Studienarbeit\Code/ClassifierHandler.py [20] [21]) (c:/Users\Kevin\Documents\Opencv-FaceRecoginition\Studienarbeit\Code/ClassifierHandler.py) (c:/Users\Kevin\Documents\Opencv-FaceRecoginition\Studienarbeit\Code/ClassifierHandler.py) [22] (c:/Users\Kevin\Documents\Opencv-FaceRecoginition\Studienarbeit\Code/ClassifierHandler.py
Underfull \vbox (badness 3417) has occurred while \output is active []

 [23])
<Bilder/ModelSummary.png, id=508, 457.71pt x 1850.915pt>
File: Bilder/ModelSummary.png Graphic file (type png)
<use Bilder/ModelSummary.png>
Package pdftex.def Info: Bilder/ModelSummary.png  used on input line 518.
(pdftex.def)             Requested size: 301.125pt x 669.50125pt.
File: Bilder/ModelSummary.png Graphic file (type png)
<use Bilder/ModelSummary.png>
Package pdftex.def Info: Bilder/ModelSummary.png  used on input line 521.
(pdftex.def)             Requested size: 315.17749pt x 883.29999pt.


LaTeX Warning: Float too large for page by 180.5169pt on input line 522.

File: Bilder/ModelSummary.png Graphic file (type png)
<use Bilder/ModelSummary.png>
Package pdftex.def Info: Bilder/ModelSummary.png  used on input line 524.
(pdftex.def)             Requested size: 456.70624pt x 511.91249pt.

Overfull \hbox (15.68849pt too wide) in paragraph at lines 524--525
[][] 
 []


LaTeX Warning: `h' float specifier changed to `ht'.


LaTeX Warning: `h' float specifier changed to `ht'.


LaTeX Warning: `h' float specifier changed to `ht'.

chapter 5.
[24]
chapter 6.
[25] [26]
Overfull \hbox (0.17165pt too wide) in paragraph at lines 583--583
\OT1/cmr/m/it/12 ge-ment: Agil { Klas-sisch { Hy-brid\OT1/cmr/m/n/12 . Auf-la-ge 4. Se-ba-sto-pol: SSprin-ger Gabler",
 []
=======
l.176 \chapter{Stand der Technik}
                                  [4]

LaTeX Warning: Citation 'HandbookFaceRec' on page 5 undefined on input line 184
.

<Bilder/FaceRecognition.png, id=148, 378.213pt x 137.313pt>
File: Bilder/FaceRecognition.png Graphic file (type png)
<use Bilder/FaceRecognition.png>
Package pdftex.def Info: Bilder/FaceRecognition.png  used on input line 186.
(pdftex.def)             Requested size: 441.01775pt x 160.12335pt.
Class scrbook Info: Workaround for not recommended usage of \\ or
(scrbook)           \newlinein caption text  on input line 187.

LaTeX Warning: Citation 'HandbookFaceRec' on page 5 undefined on input line 191
.


LaTeX Warning: Citation 'HandbookFaceRec' on page 5 undefined on input line 194
.


LaTeX Warning: Citation 'IEEE' on page 5 undefined on input line 197.


LaTeX Warning: Citation 'HandbookFaceRec' on page 5 undefined on input line 200
.

pdfTeX warning (ext4): destination with the same identifier (name{page.5}) has 
been already used, duplicate ignored
<to be read again> 
                   \relax 
l.204 
       [5 <./Bilder/FaceRecognition.png>]

LaTeX Warning: Citation 'FaceRec' on page 6 undefined on input line 226.


LaTeX Warning: Citation 'FaceRec' on page 6 undefined on input line 229.

[6] [7]

LaTeX Warning: Citation 'netguru' on page 8 undefined on input line 255.


LaTeX Warning: Citation 'netguru' on page 8 undefined on input line 258.


LaTeX Warning: Citation 'Dlib' on page 8 undefined on input line 259.


Overfull \hbox (4.71237pt too wide) in paragraph at lines 255--260
\OT1/cmr/m/n/12 Dlib ist nach des-sen Ent-wick-ler Da-vis King ein mo-der-nes C
++ Tool-kit, wel-ches Machine-
 []

[8]

LaTeX Warning: Citation 'Unsupervised' on page 9 undefined on input line 328.


LaTeX Warning: Citation 'Supervised' on page 9 undefined on input line 330.

chapter 4.

Underfull \vbox (badness 10000) has occurred while \output is active []

 [9]
chapter 5.
[10]
chapter 6.
>>>>>>> 765fd33b98f21ec8430fbed4d2dc6193b9e1e9e7

LaTeX Warning: Citation 'EmotionInSpeech' on page 11 undefined on input line 43
2.

<<<<<<< HEAD
Overfull \hbox (4.94403pt too wide) in paragraph at lines 585--585
\OT1/cmr/m/it/12 for Fa-ci-al Ex-pres-si-on Ana-ly-sis\OT1/cmr/m/n/12 . http://www.consortium.ri.cmu.edu/ckagree/.
 []
=======
>>>>>>> 765fd33b98f21ec8430fbed4d2dc6193b9e1e9e7

LaTeX Warning: Citation 'MusicEmotion' on page 11 undefined on input line 437.

<<<<<<< HEAD
Overfull \hbox (22.02635pt too wide) in paragraph at lines 585--585
\OT1/cmr/m/it/12 phy-sio-lo-gi-schen Da-ten\OT1/cmr/m/n/12 . https://www.hci.iao.fraunhofer.de/de/Human-Centered-
 []
=======
>>>>>>> 765fd33b98f21ec8430fbed4d2dc6193b9e1e9e7

LaTeX Warning: Citation 'EmotionInSound' on page 11 undefined on input line 441
.

<<<<<<< HEAD
Overfull \hbox (10.22566pt too wide) in paragraph at lines 585--585
\OT1/cmr/m/n/12 AI/feinfuehlige-technik/KI-gestuetzte-Emotionserkennung.html. Ein-sicht-nah-
 []


Overfull \hbox (140.46614pt too wide) in paragraph at lines 585--585
[]\OT1/cmr/m/n/12 Johannes Kuhn. \OT1/cmr/m/it/12 Emo-tio-nen sind schwer de-fi-nier-bar\OT1/cmr/m/n/12 . https://www.sueddeutsche.de/digital/smartphone-
 []


Overfull \hbox (19.2278pt too wide) in paragraph at lines 585--585
\OT1/cmr/m/n/12 software-emotionen-simulation-ki-1.4377004-2. Ein-sicht-nah-me:24.01.2020. 2019. 
 []

[27]
Overfull \hbox (2.6642pt too wide) in paragraph at lines 585--585
\OT1/cmr/m/it/12 lernt sein\OT1/cmr/m/n/12 . https://mixed.de/kuenstliche-intelligenz-emotionserkennung-will-
 []

[28]
Package atveryend Info: Empty hook `BeforeClearDocument' on input line 590.
 [29 <c:/Users/Kevin/Documents/Opencv-FaceRecoginition/Studienarbeit/Bilder/ModelSummary.png>] [30] [31]
Package atveryend Info: Empty hook `AfterLastShipout' on input line 590.
 (c:/Users\Kevin\Documents\Opencv-FaceRecoginition\Studienarbeit\Praxisarbeit-template.aux (c:/Users\Kevin\Documents\Opencv-FaceRecoginition\Studienarbeit\Titelseite.aux))
Package atveryend Info: Executing hook `AtVeryEndDocument' on input line 590.
Package atveryend Info: Executing hook `AtEndAfterFileList' on input line 590.
=======

LaTeX Warning: Citation 'EmotionInSound' on page 11 undefined on input line 443
.


Underfull \vbox (badness 10000) has occurred while \output is active []

 [11]
[12] [13]

Package biblatex Warning: Type 'book' not found on input line 451.


LaTeX Warning: Empty bibliography on input line 451.


Package biblatex Warning: Type 'misc' not found on input line 453.


LaTeX Warning: Empty bibliography on input line 453.

[14]
Package atveryend Info: Empty hook `BeforeClearDocument' on input line 458.
Package atveryend Info: Empty hook `AfterLastShipout' on input line 458.
 (Praxisarbeit-template.aux (Titelseite.aux))
Package atveryend Info: Executing hook `AtVeryEndDocument' on input line 458.
Package atveryend Info: Executing hook `AtEndAfterFileList' on input line 458.
>>>>>>> 765fd33b98f21ec8430fbed4d2dc6193b9e1e9e7
Package rerunfilecheck Info: File `Praxisarbeit-template.out' has not changed.
(rerunfilecheck)             Checksum: D41D8CD98F00B204E9800998ECF8427E;0.


LaTeX Warning: There were undefined references.


Package biblatex Warning: Please (re)run Biber on the file:
(biblatex)                Praxisarbeit-template
(biblatex)                and rerun LaTeX afterwards.

Package logreq Info: Writing requests to 'Praxisarbeit-template.run.xml'.
\openout1 = `Praxisarbeit-template.run.xml'.

 ) 
Here is how much of TeX's memory you used:
<<<<<<< HEAD
 20176 strings out of 492484
 354457 string characters out of 3131052
 1057368 words of memory out of 3000000
 23904 multiletter control sequences out of 15000+200000
 9329 words of font info for 33 fonts, out of 3000000 for 9000
 1143 hyphenation exceptions out of 8191
 45i,9n,72p,10206b,2246s stack positions out of 5000i,500n,10000p,200000b,50000s
pdfTeX warning (dest): name{Hfootnote.20} has been referenced but does not exist, replaced by a fixed one

pdfTeX warning (dest): name{Hfootnote.19} has been referenced but does not exist, replaced by a fixed one

pdfTeX warning (dest): name{Hfootnote.18} has been referenced but does not exist, replaced by a fixed one
=======
 18956 strings out of 492484
 340136 string characters out of 3121148
 955030 words of memory out of 3000000
 22977 multiletter control sequences out of 15000+200000
 8773 words of font info for 31 fonts, out of 3000000 for 9000
 1143 hyphenation exceptions out of 8191
 45i,8n,72p,10145b,2132s stack positions out of 5000i,500n,10000p,200000b,50000s
pdfTeX warning (dest): name{Hfootnote.24} has been referenced but does not ex
ist, replaced by a fixed one

pdfTeX warning (dest): name{Hfootnote.23} has been referenced but does not exis
t, replaced by a fixed one

pdfTeX warning (dest): name{Hfootnote.22} has been referenced but does not exis
t, replaced by a fixed one

pdfTeX warning (dest): name{Hfootnote.21} has been referenced but does not exis
t, replaced by a fixed one

pdfTeX warning (dest): name{Hfootnote.20} has been referenced but does not exis
t, replaced by a fixed one

pdfTeX warning (dest): name{Hfootnote.19} has been referenced but does not exis
t, replaced by a fixed one

pdfTeX warning (dest): name{Hfootnote.18} has been referenced but does not exis
t, replaced by a fixed one
>>>>>>> 765fd33b98f21ec8430fbed4d2dc6193b9e1e9e7

pdfTeX warning (dest): name{Hfootnote.17} has been referenced but does not exist, replaced by a fixed one

pdfTeX warning (dest): name{Hfootnote.16} has been referenced but does not exist, replaced by a fixed one

pdfTeX warning (dest): name{Hfootnote.15} has been referenced but does not exist, replaced by a fixed one

pdfTeX warning (dest): name{Hfootnote.14} has been referenced but does not exist, replaced by a fixed one

pdfTeX warning (dest): name{Hfootnote.13} has been referenced but does not exist, replaced by a fixed one

pdfTeX warning (dest): name{Hfootnote.12} has been referenced but does not exist, replaced by a fixed one

pdfTeX warning (dest): name{Hfootnote.11} has been referenced but does not exist, replaced by a fixed one

pdfTeX warning (dest): name{Hfootnote.10} has been referenced but does not exist, replaced by a fixed one

pdfTeX warning (dest): name{Hfootnote.9} has been referenced but does not exist, replaced by a fixed one

pdfTeX warning (dest): name{Hfootnote.8} has been referenced but does not exist, replaced by a fixed one

pdfTeX warning (dest): name{Hfootnote.7} has been referenced but does not exist, replaced by a fixed one

pdfTeX warning (dest): name{Hfootnote.6} has been referenced but does not exist, replaced by a fixed one

pdfTeX warning (dest): name{Hfootnote.5} has been referenced but does not exist, replaced by a fixed one

pdfTeX warning (dest): name{Hfootnote.4} has been referenced but does not exist, replaced by a fixed one

pdfTeX warning (dest): name{Hfootnote.3} has been referenced but does not exist, replaced by a fixed one

pdfTeX warning (dest): name{Hfootnote.2} has been referenced but does not exist, replaced by a fixed one

pdfTeX warning (dest): name{Hfootnote.1} has been referenced but does not exist, replaced by a fixed one

<<<<<<< HEAD
<C:/Program Files/MiKTeX 2.9/fonts/type1/public/amsfonts/cm/cmbx12.pfb><C:/Program Files/MiKTeX 2.9/fonts/type1/public/amsfonts/cm/cmcsc10.pfb><C:/Program Files/MiKTeX 2.9/fonts/type1/public/amsfonts/cm/cmr10.pfb><C:/Program Files/MiKTeX 2.9/fonts/type1/public/amsfonts/cm/cmr12.pfb><C:/Program Files/MiKTeX 2.9/fonts/type1/public/amsfonts/cm/cmr7.pfb><C:/Program Files/MiKTeX 2.9/fonts/type1/public/amsfonts/cm/cmr8.pfb><C:/Program Files/MiKTeX 2.9/fonts/type1/public/amsfonts/cm/cmssbx10.pfb><C:/Program Files/MiKTeX 2.9/fonts/type1/public/amsfonts/cm/cmsy10.pfb><C:/Program Files/MiKTeX 2.9/fonts/type1/public/amsfonts/cm/cmti10.pfb><C:/Program Files/MiKTeX 2.9/fonts/type1/public/amsfonts/cm/cmti12.pfb><C:/Program Files/MiKTeX 2.9/fonts/type1/public/amsfonts/cm/cmtt12.pfb>
Output written on c:/Users\Kevin\Documents\Opencv-FaceRecoginition\Studienarbeit\Praxisarbeit-template.pdf (36 pages, 4326085 bytes).
PDF statistics:
 800 PDF objects out of 1000 (max. 8388607)
 313 named destinations out of 1000 (max. 500000)
 435 words of extra memory for PDF output out of 10000 (max. 10000000)
=======
<C:/Users/Fabian/AppData/Local/Programs/MiKTeX 2.9/fonts/type1/public/amsfonts/
cm/cmbx10.pfb><C:/Users/Fabian/AppData/Local/Programs/MiKTeX 2.9/fonts/type1/pu
blic/amsfonts/cm/cmbx12.pfb><C:/Users/Fabian/AppData/Local/Programs/MiKTeX 2.9/
fonts/type1/public/amsfonts/cm/cmr10.pfb><C:/Users/Fabian/AppData/Local/Program
s/MiKTeX 2.9/fonts/type1/public/amsfonts/cm/cmr12.pfb><C:/Users/Fabian/AppData/
Local/Programs/MiKTeX 2.9/fonts/type1/public/amsfonts/cm/cmr7.pfb><C:/Users/Fab
ian/AppData/Local/Programs/MiKTeX 2.9/fonts/type1/public/amsfonts/cm/cmr8.pfb><
C:/Users/Fabian/AppData/Local/Programs/MiKTeX 2.9/fonts/type1/public/amsfonts/c
m/cmssbx10.pfb><C:/Users/Fabian/AppData/Local/Programs/MiKTeX 2.9/fonts/type1/p
ublic/amsfonts/cm/cmsy10.pfb>
Output written on Praxisarbeit-template.pdf (19 pages, 313426 bytes).
PDF statistics:
 376 PDF objects out of 1000 (max. 8388607)
 82 named destinations out of 1000 (max. 500000)
 304 words of extra memory for PDF output out of 10000 (max. 10000000)
>>>>>>> 765fd33b98f21ec8430fbed4d2dc6193b9e1e9e7

